
node.js:134
        throw e; // process.nextTick error, or 'error' event on first tick
        ^
Error: Cannot find module '../../lib/context'
    at Function._resolveFilename (module.js:317:11)
    at Function._load (module.js:262:25)
    at require (module.js:346:19)
    at Object.<anonymous> (/Volumes/Extra HD/web/node-boilerplate/app/app.js:9:15)
    at Module._compile (module.js:402:26)
    at Object..js (module.js:408:10)
    at Module.load (module.js:334:31)
    at Function._load (module.js:293:12)
    at require (module.js:346:19)
    at new Master (/Volumes/Extra HD/web/node-boilerplate/node_modules/cluster/lib/master.js:142:19)

node.js:134
        throw e; // process.nextTick error, or 'error' event on first tick
        ^
Error: Cannot find module '../../lib/context'
    at Function._resolveFilename (module.js:317:11)
    at Function._load (module.js:262:25)
    at require (module.js:346:19)
    at Object.<anonymous> (/Volumes/Extra HD/web/node-boilerplate/app/app.js:9:15)
    at Module._compile (module.js:402:26)
    at Object..js (module.js:408:10)
    at Module.load (module.js:334:31)
    at Function._load (module.js:293:12)
    at require (module.js:346:19)
    at new Master (/Volumes/Extra HD/web/node-boilerplate/node_modules/cluster/lib/master.js:142:19)

node.js:134
        throw e; // process.nextTick error, or 'error' event on first tick
        ^
Error: Cannot find module '../../lib/context'
    at Function._resolveFilename (module.js:317:11)
    at Function._load (module.js:262:25)
    at require (module.js:346:19)
    at Object.<anonymous> (/Volumes/Extra HD/web/node-boilerplate/app/app.js:9:15)
    at Module._compile (module.js:402:26)
    at Object..js (module.js:408:10)
    at Module.load (module.js:334:31)
    at Function._load (module.js:293:12)
    at require (module.js:346:19)
    at new Master (/Volumes/Extra HD/web/node-boilerplate/node_modules/cluster/lib/master.js:142:19)

node.js:134
        throw e; // process.nextTick error, or 'error' event on first tick
        ^
Error: Cannot find module '../../lib/context'
    at Function._resolveFilename (module.js:317:11)
    at Function._load (module.js:262:25)
    at require (module.js:346:19)
    at Object.<anonymous> (/Volumes/Extra HD/web/node-boilerplate/app/app.js:9:15)
    at Module._compile (module.js:402:26)
    at Object..js (module.js:408:10)
    at Module.load (module.js:334:31)
    at Function._load (module.js:293:12)
    at require (module.js:346:19)
    at new Master (/Volumes/Extra HD/web/node-boilerplate/node_modules/cluster/lib/master.js:142:19)

node.js:134
        throw e; // process.nextTick error, or 'error' event on first tick
        ^
Error: Cannot find module '../../lib/context'
    at Function._resolveFilename (module.js:317:11)
    at Function._load (module.js:262:25)
    at require (module.js:346:19)
    at Object.<anonymous> (/Volumes/Extra HD/web/node-boilerplate/app/app.js:9:15)
    at Module._compile (module.js:402:26)
    at Object..js (module.js:408:10)
    at Module.load (module.js:334:31)
    at Function._load (module.js:293:12)
    at require (module.js:346:19)
    at new Master (/Volumes/Extra HD/web/node-boilerplate/node_modules/cluster/lib/master.js:142:19)

node.js:134
        throw e; // process.nextTick error, or 'error' event on first tick
        ^
Error: Cannot find module '../../lib/context'
    at Function._resolveFilename (module.js:317:11)
    at Function._load (module.js:262:25)
    at require (module.js:346:19)
    at Object.<anonymous> (/Volumes/Extra HD/web/node-boilerplate/app/app.js:9:15)
    at Module._compile (module.js:402:26)
    at Object..js (module.js:408:10)
    at Module.load (module.js:334:31)
    at Function._load (module.js:293:12)
    at require (module.js:346:19)
    at new Master (/Volumes/Extra HD/web/node-boilerplate/node_modules/cluster/lib/master.js:142:19)

node.js:134
        throw e; // process.nextTick error, or 'error' event on first tick
        ^
Error: Cannot find module '../../lib/context'
    at Function._resolveFilename (module.js:317:11)
    at Function._load (module.js:262:25)
    at require (module.js:346:19)
    at Object.<anonymous> (/Volumes/Extra HD/web/node-boilerplate/app/app.js:9:15)
    at Module._compile (module.js:402:26)
    at Object..js (module.js:408:10)
    at Module.load (module.js:334:31)
    at Function._load (module.js:293:12)
    at require (module.js:346:19)
    at new Master (/Volumes/Extra HD/web/node-boilerplate/node_modules/cluster/lib/master.js:142:19)

node.js:134
        throw e; // process.nextTick error, or 'error' event on first tick
        ^
Error: Cannot find module '../../lib/context'
    at Function._resolveFilename (module.js:317:11)
    at Function._load (module.js:262:25)
    at require (module.js:346:19)
    at Object.<anonymous> (/Volumes/Extra HD/web/node-boilerplate/app/app.js:9:15)
    at Module._compile (module.js:402:26)
    at Object..js (module.js:408:10)
    at Module.load (module.js:334:31)
    at Function._load (module.js:293:12)
    at require (module.js:346:19)
    at new Master (/Volumes/Extra HD/web/node-boilerplate/node_modules/cluster/lib/master.js:142:19)

node.js:134
        throw e; // process.nextTick error, or 'error' event on first tick
        ^
Error: Cannot find module '../../lib/context'
    at Function._resolveFilename (module.js:317:11)
    at Function._load (module.js:262:25)
    at require (module.js:346:19)
    at Object.<anonymous> (/Volumes/Extra HD/web/node-boilerplate/app/app.js:9:15)
    at Module._compile (module.js:402:26)
    at Object..js (module.js:408:10)
    at Module.load (module.js:334:31)
    at Function._load (module.js:293:12)
    at require (module.js:346:19)
    at new Master (/Volumes/Extra HD/web/node-boilerplate/node_modules/cluster/lib/master.js:142:19)

node.js:134
        throw e; // process.nextTick error, or 'error' event on first tick
        ^
Error: Cannot find module '../../lib/context'
    at Function._resolveFilename (module.js:317:11)
    at Function._load (module.js:262:25)
    at require (module.js:346:19)
    at Object.<anonymous> (/Volumes/Extra HD/web/node-boilerplate/app/app.js:9:15)
    at Module._compile (module.js:402:26)
    at Object..js (module.js:408:10)
    at Module.load (module.js:334:31)
    at Function._load (module.js:293:12)
    at require (module.js:346:19)
    at new Master (/Volumes/Extra HD/web/node-boilerplate/node_modules/cluster/lib/master.js:142:19)

node.js:134
        throw e; // process.nextTick error, or 'error' event on first tick
        ^
Error: Cannot find module '../../lib/context'
    at Function._resolveFilename (module.js:317:11)
    at Function._load (module.js:262:25)
    at require (module.js:346:19)
    at Object.<anonymous> (/Volumes/Extra HD/web/node-boilerplate/app/app.js:9:15)
    at Module._compile (module.js:402:26)
    at Object..js (module.js:408:10)
    at Module.load (module.js:334:31)
    at Function._load (module.js:293:12)
    at require (module.js:346:19)
    at new Master (/Volumes/Extra HD/web/node-boilerplate/node_modules/cluster/lib/master.js:142:19)

node.js:134
        throw e; // process.nextTick error, or 'error' event on first tick
        ^
Error: Cannot find module '../../lib/context'
    at Function._resolveFilename (module.js:317:11)
    at Function._load (module.js:262:25)
    at require (module.js:346:19)
    at Object.<anonymous> (/Volumes/Extra HD/web/node-boilerplate/app/app.js:9:15)
    at Module._compile (module.js:402:26)
    at Object..js (module.js:408:10)
    at Module.load (module.js:334:31)
    at Function._load (module.js:293:12)
    at require (module.js:346:19)
    at new Master (/Volumes/Extra HD/web/node-boilerplate/node_modules/cluster/lib/master.js:142:19)

node.js:134
        throw e; // process.nextTick error, or 'error' event on first tick
        ^
Error: Cannot find module '../../lib/context'
    at Function._resolveFilename (module.js:317:11)
    at Function._load (module.js:262:25)
    at require (module.js:346:19)
    at Object.<anonymous> (/Volumes/Extra HD/web/node-boilerplate/app/app.js:9:15)
    at Module._compile (module.js:402:26)
    at Object..js (module.js:408:10)
    at Module.load (module.js:334:31)
    at Function._load (module.js:293:12)
    at require (module.js:346:19)
    at new Master (/Volumes/Extra HD/web/node-boilerplate/node_modules/cluster/lib/master.js:142:19)

node.js:134
        throw e; // process.nextTick error, or 'error' event on first tick
        ^
Error: Cannot find module '../../lib/context'
    at Function._resolveFilename (module.js:317:11)
    at Function._load (module.js:262:25)
    at require (module.js:346:19)
    at Object.<anonymous> (/Volumes/Extra HD/web/node-boilerplate/app/app.js:9:15)
    at Module._compile (module.js:402:26)
    at Object..js (module.js:408:10)
    at Module.load (module.js:334:31)
    at Function._load (module.js:293:12)
    at require (module.js:346:19)
    at new Master (/Volumes/Extra HD/web/node-boilerplate/node_modules/cluster/lib/master.js:142:19)

node.js:134
        throw e; // process.nextTick error, or 'error' event on first tick
        ^
Error: Cannot find module '../../lib/context'
    at Function._resolveFilename (module.js:317:11)
    at Function._load (module.js:262:25)
    at require (module.js:346:19)
    at Object.<anonymous> (/Volumes/Extra HD/web/node-boilerplate/app/app.js:9:15)
    at Module._compile (module.js:402:26)
    at Object..js (module.js:408:10)
    at Module.load (module.js:334:31)
    at Function._load (module.js:293:12)
    at require (module.js:346:19)
    at new Master (/Volumes/Extra HD/web/node-boilerplate/node_modules/cluster/lib/master.js:142:19)

node.js:134
        throw e; // process.nextTick error, or 'error' event on first tick
        ^
Error: Cannot find module '../../lib/context'
    at Function._resolveFilename (module.js:317:11)
    at Function._load (module.js:262:25)
    at require (module.js:346:19)
    at Object.<anonymous> (/Volumes/Extra HD/web/node-boilerplate/app/app.js:9:15)
    at Module._compile (module.js:402:26)
    at Object..js (module.js:408:10)
    at Module.load (module.js:334:31)
    at Function._load (module.js:293:12)
    at require (module.js:346:19)
    at new Master (/Volumes/Extra HD/web/node-boilerplate/node_modules/cluster/lib/master.js:142:19)

node.js:134
        throw e; // process.nextTick error, or 'error' event on first tick
        ^
Error: Cannot find module '../../lib/context'
    at Function._resolveFilename (module.js:317:11)
    at Function._load (module.js:262:25)
    at require (module.js:346:19)
    at Object.<anonymous> (/Volumes/Extra HD/web/node-boilerplate/app/app.js:9:15)
    at Module._compile (module.js:402:26)
    at Object..js (module.js:408:10)
    at Module.load (module.js:334:31)
    at Function._load (module.js:293:12)
    at require (module.js:346:19)
    at new Master (/Volumes/Extra HD/web/node-boilerplate/node_modules/cluster/lib/master.js:142:19)

node.js:134
        throw e; // process.nextTick error, or 'error' event on first tick
        ^
Error: Cannot find module '../../lib/context'
    at Function._resolveFilename (module.js:317:11)
    at Function._load (module.js:262:25)
    at require (module.js:346:19)
    at Object.<anonymous> (/Volumes/Extra HD/web/node-boilerplate/app/app.js:9:15)
    at Module._compile (module.js:402:26)
    at Object..js (module.js:408:10)
    at Module.load (module.js:334:31)
    at Function._load (module.js:293:12)
    at require (module.js:346:19)
    at new Master (/Volumes/Extra HD/web/node-boilerplate/node_modules/cluster/lib/master.js:142:19)

node.js:134
        throw e; // process.nextTick error, or 'error' event on first tick
        ^
Error: Cannot find module '../../lib/context'
    at Function._resolveFilename (module.js:317:11)
    at Function._load (module.js:262:25)
    at require (module.js:346:19)
    at Object.<anonymous> (/Volumes/Extra HD/web/node-boilerplate/app/app.js:9:15)
    at Module._compile (module.js:402:26)
    at Object..js (module.js:408:10)
    at Module.load (module.js:334:31)
    at Function._load (module.js:293:12)
    at require (module.js:346:19)
    at new Master (/Volumes/Extra HD/web/node-boilerplate/node_modules/cluster/lib/master.js:142:19)

node.js:134
        throw e; // process.nextTick error, or 'error' event on first tick
        ^
Error: Cannot find module '../../lib/context'
    at Function._resolveFilename (module.js:317:11)
    at Function._load (module.js:262:25)
    at require (module.js:346:19)
    at Object.<anonymous> (/Volumes/Extra HD/web/node-boilerplate/app/app.js:9:15)
    at Module._compile (module.js:402:26)
    at Object..js (module.js:408:10)
    at Module.load (module.js:334:31)
    at Function._load (module.js:293:12)
    at require (module.js:346:19)
    at new Master (/Volumes/Extra HD/web/node-boilerplate/node_modules/cluster/lib/master.js:142:19)

node.js:134
        throw e; // process.nextTick error, or 'error' event on first tick
        ^
Error: Cannot find module 'config/constants'
    at Function._resolveFilename (module.js:317:11)
    at Function._load (module.js:262:25)
    at require (module.js:346:19)
    at /Volumes/Extra HD/web/node-boilerplate/app/app.js:18:17
    at Object.<anonymous> (/Volumes/Extra HD/web/node-boilerplate/app/app.js:99:2)
    at Module._compile (module.js:402:26)
    at Object..js (module.js:408:10)
    at Module.load (module.js:334:31)
    at Function._load (module.js:293:12)
    at require (module.js:346:19)

node.js:134
        throw e; // process.nextTick error, or 'error' event on first tick
        ^
Error: Cannot find module 'config/constants'
    at Function._resolveFilename (module.js:317:11)
    at Function._load (module.js:262:25)
    at require (module.js:346:19)
    at /Volumes/Extra HD/web/node-boilerplate/app/app.js:18:17
    at Object.<anonymous> (/Volumes/Extra HD/web/node-boilerplate/app/app.js:99:2)
    at Module._compile (module.js:402:26)
    at Object..js (module.js:408:10)
    at Module.load (module.js:334:31)
    at Function._load (module.js:293:12)
    at require (module.js:346:19)

node.js:134
        throw e; // process.nextTick error, or 'error' event on first tick
        ^
Error: Cannot find module 'config/constants'
    at Function._resolveFilename (module.js:317:11)
    at Function._load (module.js:262:25)
    at require (module.js:346:19)
    at /Volumes/Extra HD/web/node-boilerplate/app/app.js:18:17
    at Object.<anonymous> (/Volumes/Extra HD/web/node-boilerplate/app/app.js:99:2)
    at Module._compile (module.js:402:26)
    at Object..js (module.js:408:10)
    at Module.load (module.js:334:31)
    at Function._load (module.js:293:12)
    at require (module.js:346:19)

node.js:134
        throw e; // process.nextTick error, or 'error' event on first tick
        ^
Error: Cannot find module 'config/constants'
    at Function._resolveFilename (module.js:317:11)
    at Function._load (module.js:262:25)
    at require (module.js:346:19)
    at /Volumes/Extra HD/web/node-boilerplate/app/app.js:18:17
    at Object.<anonymous> (/Volumes/Extra HD/web/node-boilerplate/app/app.js:99:2)
    at Module._compile (module.js:402:26)
    at Object..js (module.js:408:10)
    at Module.load (module.js:334:31)
    at Function._load (module.js:293:12)
    at require (module.js:346:19)

node.js:134
        throw e; // process.nextTick error, or 'error' event on first tick
        ^
Error: Cannot find module 'config/constants'
    at Function._resolveFilename (module.js:317:11)
    at Function._load (module.js:262:25)
    at require (module.js:346:19)
    at /Volumes/Extra HD/web/node-boilerplate/app/app.js:18:17
    at Object.<anonymous> (/Volumes/Extra HD/web/node-boilerplate/app/app.js:99:2)
    at Module._compile (module.js:402:26)
    at Object..js (module.js:408:10)
    at Module.load (module.js:334:31)
    at Function._load (module.js:293:12)
    at require (module.js:346:19)

node.js:134
        throw e; // process.nextTick error, or 'error' event on first tick
        ^
Error: Cannot find module 'config/constants'
    at Function._resolveFilename (module.js:317:11)
    at Function._load (module.js:262:25)
    at require (module.js:346:19)
    at /Volumes/Extra HD/web/node-boilerplate/app/app.js:18:17
    at Object.<anonymous> (/Volumes/Extra HD/web/node-boilerplate/app/app.js:99:2)
    at Module._compile (module.js:402:26)
    at Object..js (module.js:408:10)
    at Module.load (module.js:334:31)
    at Function._load (module.js:293:12)
    at require (module.js:346:19)

node.js:134
        throw e; // process.nextTick error, or 'error' event on first tick
        ^
Error: Cannot find module 'config/constants'
    at Function._resolveFilename (module.js:317:11)
    at Function._load (module.js:262:25)
    at require (module.js:346:19)
    at /Volumes/Extra HD/web/node-boilerplate/app/app.js:18:17
    at Object.<anonymous> (/Volumes/Extra HD/web/node-boilerplate/app/app.js:99:2)
    at Module._compile (module.js:402:26)
    at Object..js (module.js:408:10)
    at Module.load (module.js:334:31)
    at Function._load (module.js:293:12)
    at require (module.js:346:19)

node.js:134
        throw e; // process.nextTick error, or 'error' event on first tick
        ^
Error: Cannot find module 'config/constants'
    at Function._resolveFilename (module.js:317:11)
    at Function._load (module.js:262:25)
    at require (module.js:346:19)
    at /Volumes/Extra HD/web/node-boilerplate/app/app.js:18:17
    at Object.<anonymous> (/Volumes/Extra HD/web/node-boilerplate/app/app.js:99:2)
    at Module._compile (module.js:402:26)
    at Object..js (module.js:408:10)
    at Module.load (module.js:334:31)
    at Function._load (module.js:293:12)
    at require (module.js:346:19)

node.js:134
        throw e; // process.nextTick error, or 'error' event on first tick
        ^
Error: Cannot find module 'config/constants'
    at Function._resolveFilename (module.js:317:11)
    at Function._load (module.js:262:25)
    at require (module.js:346:19)
    at /Volumes/Extra HD/web/node-boilerplate/app/app.js:18:17
    at Object.<anonymous> (/Volumes/Extra HD/web/node-boilerplate/app/app.js:99:2)
    at Module._compile (module.js:402:26)
    at Object..js (module.js:408:10)
    at Module.load (module.js:334:31)
    at Function._load (module.js:293:12)
    at require (module.js:346:19)

node.js:134
        throw e; // process.nextTick error, or 'error' event on first tick
        ^
Error: Cannot find module 'config/constants'
    at Function._resolveFilename (module.js:317:11)
    at Function._load (module.js:262:25)
    at require (module.js:346:19)
    at /Volumes/Extra HD/web/node-boilerplate/app/app.js:18:17
    at Object.<anonymous> (/Volumes/Extra HD/web/node-boilerplate/app/app.js:99:2)
    at Module._compile (module.js:402:26)
    at Object..js (module.js:408:10)
    at Module.load (module.js:334:31)
    at Function._load (module.js:293:12)
    at require (module.js:346:19)

node.js:134
        throw e; // process.nextTick error, or 'error' event on first tick
        ^
Error: Cannot find module 'config/constants'
    at Function._resolveFilename (module.js:317:11)
    at Function._load (module.js:262:25)
    at require (module.js:346:19)
    at /Volumes/Extra HD/web/node-boilerplate/app/app.js:18:17
    at Object.<anonymous> (/Volumes/Extra HD/web/node-boilerplate/app/app.js:99:2)
    at Module._compile (module.js:402:26)
    at Object..js (module.js:408:10)
    at Module.load (module.js:334:31)
    at Function._load (module.js:293:12)
    at require (module.js:346:19)

node.js:134
        throw e; // process.nextTick error, or 'error' event on first tick
        ^
Error: Cannot find module 'config/constants'
    at Function._resolveFilename (module.js:317:11)
    at Function._load (module.js:262:25)
    at require (module.js:346:19)
    at /Volumes/Extra HD/web/node-boilerplate/app/app.js:18:17
    at Object.<anonymous> (/Volumes/Extra HD/web/node-boilerplate/app/app.js:99:2)
    at Module._compile (module.js:402:26)
    at Object..js (module.js:408:10)
    at Module.load (module.js:334:31)
    at Function._load (module.js:293:12)
    at require (module.js:346:19)

node.js:134
        throw e; // process.nextTick error, or 'error' event on first tick
        ^
Error: Cannot find module 'config/constants'
    at Function._resolveFilename (module.js:317:11)
    at Function._load (module.js:262:25)
    at require (module.js:346:19)
    at /Volumes/Extra HD/web/node-boilerplate/app/app.js:18:17
    at Object.<anonymous> (/Volumes/Extra HD/web/node-boilerplate/app/app.js:99:2)
    at Module._compile (module.js:402:26)
    at Object..js (module.js:408:10)
    at Module.load (module.js:334:31)
    at Function._load (module.js:293:12)
    at require (module.js:346:19)

node.js:134
        throw e; // process.nextTick error, or 'error' event on first tick
        ^
Error: Cannot find module 'config/constants'
    at Function._resolveFilename (module.js:317:11)
    at Function._load (module.js:262:25)
    at require (module.js:346:19)
    at /Volumes/Extra HD/web/node-boilerplate/app/app.js:18:17
    at Object.<anonymous> (/Volumes/Extra HD/web/node-boilerplate/app/app.js:99:2)
    at Module._compile (module.js:402:26)
    at Object..js (module.js:408:10)
    at Module.load (module.js:334:31)
    at Function._load (module.js:293:12)
    at require (module.js:346:19)

node.js:134
        throw e; // process.nextTick error, or 'error' event on first tick
        ^
Error: Cannot find module 'config/constants'
    at Function._resolveFilename (module.js:317:11)
    at Function._load (module.js:262:25)
    at require (module.js:346:19)
    at /Volumes/Extra HD/web/node-boilerplate/app/app.js:18:17
    at Object.<anonymous> (/Volumes/Extra HD/web/node-boilerplate/app/app.js:99:2)
    at Module._compile (module.js:402:26)
    at Object..js (module.js:408:10)
    at Module.load (module.js:334:31)
    at Function._load (module.js:293:12)
    at require (module.js:346:19)

node.js:134
        throw e; // process.nextTick error, or 'error' event on first tick
        ^
Error: Cannot find module 'config/constants'
    at Function._resolveFilename (module.js:317:11)
    at Function._load (module.js:262:25)
    at require (module.js:346:19)
    at /Volumes/Extra HD/web/node-boilerplate/app/app.js:18:17
    at Object.<anonymous> (/Volumes/Extra HD/web/node-boilerplate/app/app.js:99:2)
    at Module._compile (module.js:402:26)
    at Object..js (module.js:408:10)
    at Module.load (module.js:334:31)
    at Function._load (module.js:293:12)
    at require (module.js:346:19)

node.js:134
        throw e; // process.nextTick error, or 'error' event on first tick
        ^
Error: Cannot find module 'config/constants'
    at Function._resolveFilename (module.js:317:11)
    at Function._load (module.js:262:25)
    at require (module.js:346:19)
    at /Volumes/Extra HD/web/node-boilerplate/app/app.js:18:17
    at Object.<anonymous> (/Volumes/Extra HD/web/node-boilerplate/app/app.js:99:2)
    at Module._compile (module.js:402:26)
    at Object..js (module.js:408:10)
    at Module.load (module.js:334:31)
    at Function._load (module.js:293:12)
    at require (module.js:346:19)

node.js:134
        throw e; // process.nextTick error, or 'error' event on first tick
        ^
Error: Cannot find module 'config/constants'
    at Function._resolveFilename (module.js:317:11)
    at Function._load (module.js:262:25)
    at require (module.js:346:19)
    at /Volumes/Extra HD/web/node-boilerplate/app/app.js:18:17
    at Object.<anonymous> (/Volumes/Extra HD/web/node-boilerplate/app/app.js:99:2)
    at Module._compile (module.js:402:26)
    at Object..js (module.js:408:10)
    at Module.load (module.js:334:31)
    at Function._load (module.js:293:12)
    at require (module.js:346:19)

node.js:134
        throw e; // process.nextTick error, or 'error' event on first tick
        ^
Error: Cannot find module 'config/constants'
    at Function._resolveFilename (module.js:317:11)
    at Function._load (module.js:262:25)
    at require (module.js:346:19)
    at /Volumes/Extra HD/web/node-boilerplate/app/app.js:18:17
    at Object.<anonymous> (/Volumes/Extra HD/web/node-boilerplate/app/app.js:99:2)
    at Module._compile (module.js:402:26)
    at Object..js (module.js:408:10)
    at Module.load (module.js:334:31)
    at Function._load (module.js:293:12)
    at require (module.js:346:19)

node.js:134
        throw e; // process.nextTick error, or 'error' event on first tick
        ^
Error: Cannot find module 'config/constants'
    at Function._resolveFilename (module.js:317:11)
    at Function._load (module.js:262:25)
    at require (module.js:346:19)
    at /Volumes/Extra HD/web/node-boilerplate/app/app.js:18:17
    at Object.<anonymous> (/Volumes/Extra HD/web/node-boilerplate/app/app.js:99:2)
    at Module._compile (module.js:402:26)
    at Object..js (module.js:408:10)
    at Module.load (module.js:334:31)
    at Function._load (module.js:293:12)
    at require (module.js:346:19)
  [90msource :[0m [36m/Volumes/Extra HD/web/node-boilerplate/app/views/styles/layout.styl[0m
  [90mdest :[0m [36m/Volumes/Extra HD/web/node-boilerplate/app/public/styles/layout.css[0m
  [90mread :[0m [36m/Volumes/Extra HD/web/node-boilerplate/app/views/styles/layout.styl[0m
  [90mrender :[0m [36m/Volumes/Extra HD/web/node-boilerplate/app/views/styles/layout.styl[0m
  [90msource :[0m [36m/Volumes/Extra HD/web/node-boilerplate/app/views/styles/reset.styl[0m
  [90mdest :[0m [36m/Volumes/Extra HD/web/node-boilerplate/app/public/styles/reset.css[0m
  [90mread :[0m [36m/Volumes/Extra HD/web/node-boilerplate/app/views/styles/reset.styl[0m
